Log file created at: 2025/04/24 18:42:35  PID: 18364
Running on machine: STARDUST
Log line format: [IWEF]mmdd hh:mm:ss.uuuuuu threadid file:line] msg
I0424 18:42:35.475901  7348 code_page.cpp:268] in function[Unisound::OutputDebugPrintf], version: V1.0.1 
 
I0424 18:53:47.123365  7348 UniOneDebugToolDlg.cpp:957] in function[CUniOneDebugToolDlg::StartBurn], opening Serial Port 1 
I0424 18:53:47.142470  7348 UniOneDebugToolDlg.cpp:957] in function[CUniOneDebugToolDlg::StartBurn], opening Serial Port 3 
I0424 18:53:48.183495  7348 code_page.cpp:268] in function[Unisound::OutputDebugPrintf], COM put_setting 921600, N, 8, 1 port:3 
 
I0424 18:53:48.707024  7348 UniOneDebugToolDlg.cpp:957] in function[CUniOneDebugToolDlg::StartBurn], opening Serial Port 6 
I0424 18:53:48.721683  7348 code_page.cpp:268] in function[Unisound::OutputDebugPrintf], COM put_setting 921600, N, 8, 1 port:6 
 
I0424 18:55:43.817325  7348 UniOneDebugToolDlg.cpp:957] in function[CUniOneDebugToolDlg::StartBurn], opening Serial Port 1 
I0424 18:55:43.843309  7348 UniOneDebugToolDlg.cpp:957] in function[CUniOneDebugToolDlg::StartBurn], opening Serial Port 3 
I0424 18:55:43.852072  7348 code_page.cpp:268] in function[Unisound::OutputDebugPrintf], COM put_setting 921600, N, 8, 1 port:3 
 
I0424 18:55:44.372097  7348 UniOneDebugToolDlg.cpp:957] in function[CUniOneDebugToolDlg::StartBurn], opening Serial Port 6 
I0424 18:55:44.382396  7348 code_page.cpp:268] in function[Unisound::OutputDebugPrintf], COM put_setting 921600, N, 8, 1 port:6 
 
Log file created at: 2025/04/24 18:57:26  PID: 20548
Running on machine: STARDUST
Log line format: [IWEF]mmdd hh:mm:ss.uuuuuu threadid file:line] msg
I0424 18:57:26.613963  7588 code_page.cpp:268] in function[Unisound::OutputDebugPrintf], version: V1.0.1 
 
I0424 18:58:03.719746  7588 UniOneDebugToolDlg.cpp:957] in function[CUniOneDebugToolDlg::StartBurn], opening Serial Port 1 
I0424 18:58:03.724285  7588 UniOneDebugToolDlg.cpp:957] in function[CUniOneDebugToolDlg::StartBurn], opening Serial Port 3 
I0424 18:58:04.752095  7588 code_page.cpp:268] in function[Unisound::OutputDebugPrintf], COM put_setting 921600, N, 8, 1 port:3 
 
I0424 18:59:03.951462  7588 UniOneDebugToolDlg.cpp:957] in function[CUniOneDebugToolDlg::StartBurn], opening Serial Port 1 
I0424 18:59:03.980829  7588 UniOneDebugToolDlg.cpp:957] in function[CUniOneDebugToolDlg::StartBurn], opening Serial Port 3 
I0424 18:59:03.980829  7588 code_page.cpp:268] in function[Unisound::OutputDebugPrintf], COM put_setting 921600, N, 8, 1 port:3 
 
I0424 18:59:57.751025  7588 UniOneDebugToolDlg.cpp:957] in function[CUniOneDebugToolDlg::StartBurn], opening Serial Port 1 
I0424 18:59:57.780992  7588 UniOneDebugToolDlg.cpp:957] in function[CUniOneDebugToolDlg::StartBurn], opening Serial Port 3 
I0424 18:59:57.780992  7588 code_page.cpp:268] in function[Unisound::OutputDebugPrintf], COM put_setting 921600, N, 8, 1 port:3 
 
I0424 19:00:30.291182  7588 UniOneDebugToolDlg.cpp:957] in function[CUniOneDebugToolDlg::StartBurn], opening Serial Port 1 
I0424 19:00:30.321336  7588 UniOneDebugToolDlg.cpp:957] in function[CUniOneDebugToolDlg::StartBurn], opening Serial Port 3 
I0424 19:00:30.331205  7588 code_page.cpp:268] in function[Unisound::OutputDebugPrintf], COM put_setting 921600, N, 8, 1 port:3 
 
I0424 19:05:01.973551  7588 UniOneDebugToolDlg.cpp:957] in function[CUniOneDebugToolDlg::StartBurn], opening Serial Port 1 
I0424 19:05:02.004060  7588 UniOneDebugToolDlg.cpp:957] in function[CUniOneDebugToolDlg::StartBurn], opening Serial Port 3 
I0424 19:05:02.009987  7588 code_page.cpp:268] in function[Unisound::OutputDebugPrintf], COM put_setting 921600, N, 8, 1 port:3 
 
Log file created at: 2025/04/24 19:18:51  PID: 25020
Running on machine: STARDUST
Log line format: [IWEF]mmdd hh:mm:ss.uuuuuu threadid file:line] msg
I0424 19:18:51.274884 22392 code_page.cpp:268] in function[Unisound::OutputDebugPrintf], version: V1.0.1 
 
I0424 19:19:07.754212 22392 UniOneDebugToolDlg.cpp:957] in function[CUniOneDebugToolDlg::StartBurn], opening Serial Port 1 
I0424 19:19:07.762171 22392 UniOneDebugToolDlg.cpp:957] in function[CUniOneDebugToolDlg::StartBurn], opening Serial Port 3 
I0424 19:19:08.789631 22392 code_page.cpp:268] in function[Unisound::OutputDebugPrintf], COM put_setting 921600, N, 8, 1 port:3 
 
Log file created at: 2025/04/24 19:19:55  PID: 8512
Running on machine: STARDUST
Log line format: [IWEF]mmdd hh:mm:ss.uuuuuu threadid file:line] msg
I0424 19:19:55.316099  1980 code_page.cpp:268] in function[Unisound::OutputDebugPrintf], version: V1.0.1 
 
I0424 19:20:01.130237  1980 UniOneDebugToolDlg.cpp:957] in function[CUniOneDebugToolDlg::StartBurn], opening Serial Port 1 
I0424 19:20:01.137392  1980 UniOneDebugToolDlg.cpp:957] in function[CUniOneDebugToolDlg::StartBurn], opening Serial Port 3 
I0424 19:20:02.154155  1980 code_page.cpp:268] in function[Unisound::OutputDebugPrintf], COM put_setting 921600, N, 8, 1 port:3 
 
